  StarFall.cpp
C:\Users\hamza\college\StarFall\StarFall\StarFall.cpp(40,42): warning C4244: 'argument': conversion from 'T' to 'float', possible loss of data
          with
          [
              T=unsigned int
          ]
C:\Users\hamza\college\StarFall\StarFall\StarFall.cpp(64,28): warning C4244: 'initializing': conversion from 'float' to 'int', possible loss of data
C:\Users\hamza\college\StarFall\StarFall\StarFall.cpp(67,24): warning C4244: 'initializing': conversion from 'float' to 'int', possible loss of data
C:\Users\hamza\college\StarFall\StarFall\StarFall.cpp(69,21): warning C4244: 'initializing': conversion from 'float' to 'int', possible loss of data
C:\Users\hamza\college\StarFall\StarFall\StarFall.cpp(92,55): warning C4244: 'argument': conversion from 'T' to 'T', possible loss of data
          with
          [
              T=unsigned int
          ]
          and
          [
              T=float
          ]
C:\Users\hamza\college\StarFall\StarFall\StarFall.cpp(102,56): warning C4244: 'argument': conversion from 'T' to 'T', possible loss of data
          with
          [
              T=unsigned int
          ]
          and
          [
              T=float
          ]
C:\Users\hamza\college\StarFall\StarFall\StarFall.cpp(118,17): warning C4244: 'initializing': conversion from 'int' to 'float', possible loss of data
C:\Users\hamza\college\StarFall\StarFall\StarFall.cpp(119,17): warning C4244: 'initializing': conversion from 'int' to 'float', possible loss of data
C:\Users\hamza\college\StarFall\StarFall\StarFall.cpp(137,78): warning C4244: 'argument': conversion from 'T' to 'T', possible loss of data
          with
          [
              T=unsigned int
          ]
          and
          [
              T=float
          ]
C:\Users\hamza\college\StarFall\StarFall\StarFall.cpp(137,55): warning C4244: 'argument': conversion from 'T' to 'T', possible loss of data
          with
          [
              T=unsigned int
          ]
          and
          [
              T=float
          ]
C:\Users\hamza\college\StarFall\StarFall\StarFall.cpp(172,28): warning C4244: 'argument': conversion from 'int' to 'float', possible loss of data
C:\Users\hamza\college\StarFall\StarFall\StarFall.cpp(174,28): warning C4244: 'argument': conversion from 'int' to 'float', possible loss of data
C:\Users\hamza\college\StarFall\StarFall\StarFall.cpp(176,25): warning C4244: 'argument': conversion from 'int' to 'float', possible loss of data
C:\Users\hamza\college\StarFall\StarFall\StarFall.cpp(178,25): warning C4244: 'argument': conversion from 'int' to 'float', possible loss of data
C:\Users\hamza\college\StarFall\StarFall\StarFall.cpp(185,36): warning C4244: '=': conversion from 'float' to 'int', possible loss of data
C:\Users\hamza\college\StarFall\StarFall\StarFall.cpp(189,37): warning C4244: '+=': conversion from 'float' to 'int', possible loss of data
C:\Users\hamza\college\StarFall\StarFall\StarFall.cpp(234,31): warning C4244: '=': conversion from 'float' to 'int', possible loss of data
C:\Users\hamza\college\StarFall\StarFall\StarFall.cpp(239,28): warning C4244: '+=': conversion from 'float' to 'int', possible loss of data
C:\Users\hamza\college\StarFall\StarFall\StarFall.cpp(244,35): warning C4244: 'argument': conversion from 'int' to 'float', possible loss of data
  StarFall.vcxproj -> C:\Users\hamza\college\StarFall\x64\Debug\StarFall.exe
